Using pre-set license
Built from '6000.0/staging' branch; Version is '6000.0.39f1 (15ea7ed0b100) revision 1436286'; Using compiler version '193933523'; Build Type 'Release'
OS: 'Windows 11  (10.0.26100) 64bit Core' Language: 'es' Physical Memory: 16294 MB
BatchMode: 1, IsHumanControllingUs: 0, StartBugReporterOnCrash: 0, Is64bit: 1, IsPro: 1

COMMAND LINE ARGUMENTS:
C:\Program Files\Unity\Hub\Editor\6000.0.39f1\Editor\Unity.exe
-adb2
-batchMode
-noUpm
-name
AssetImportWorker4
-projectPath
C:/Users/AslyQ/Desktop/FirulaisFoodGame/FirulaisFood
-logFile
Logs/AssetImportWorker4.log
-srvPort
56063
-job-worker-count
5
-background-job-worker-count
8
-gc-helper-count
1
Successfully changed project path to: C:/Users/AslyQ/Desktop/FirulaisFoodGame/FirulaisFood
C:/Users/AslyQ/Desktop/FirulaisFoodGame/FirulaisFood
[UnityMemory] Configuration Parameters - Can be set up in boot.config
    "memorysetup-bucket-allocator-granularity=16"
    "memorysetup-bucket-allocator-bucket-count=8"
    "memorysetup-bucket-allocator-block-size=33554432"
    "memorysetup-bucket-allocator-block-count=8"
    "memorysetup-main-allocator-block-size=16777216"
    "memorysetup-thread-allocator-block-size=16777216"
    "memorysetup-gfx-main-allocator-block-size=16777216"
    "memorysetup-gfx-thread-allocator-block-size=16777216"
    "memorysetup-cache-allocator-block-size=4194304"
    "memorysetup-typetree-allocator-block-size=2097152"
    "memorysetup-profiler-bucket-allocator-granularity=16"
    "memorysetup-profiler-bucket-allocator-bucket-count=8"
    "memorysetup-profiler-bucket-allocator-block-size=33554432"
    "memorysetup-profiler-bucket-allocator-block-count=8"
    "memorysetup-profiler-allocator-block-size=16777216"
    "memorysetup-profiler-editor-allocator-block-size=1048576"
    "memorysetup-temp-allocator-size-main=16777216"
    "memorysetup-job-temp-allocator-block-size=2097152"
    "memorysetup-job-temp-allocator-block-size-background=1048576"
    "memorysetup-job-temp-allocator-reduction-small-platforms=262144"
    "memorysetup-allocator-temp-initial-block-size-main=262144"
    "memorysetup-allocator-temp-initial-block-size-worker=262144"
    "memorysetup-temp-allocator-size-background-worker=32768"
    "memorysetup-temp-allocator-size-job-worker=262144"
    "memorysetup-temp-allocator-size-preload-manager=33554432"
    "memorysetup-temp-allocator-size-nav-mesh-worker=65536"
    "memorysetup-temp-allocator-size-audio-worker=65536"
    "memorysetup-temp-allocator-size-cloud-worker=32768"
    "memorysetup-temp-allocator-size-gi-baking-worker=262144"
    "memorysetup-temp-allocator-size-gi-baking-worker=262144"
    "memorysetup-temp-allocator-size-gi-baking-worker=262144"
    "memorysetup-temp-allocator-size-gi-baking-worker=262144"
    "memorysetup-temp-allocator-size-gi-baking-worker=262144"
    "memorysetup-temp-allocator-size-gfx=262144"
Player connection [17584]  Target information:

Player connection [17584]  * "[IP] 192.168.1.2 [Port] 0 [Flags] 2 [Guid] 2239070722 [EditorId] 2239070722 [Version] 1048832 [Id] WindowsEditor(7,Asly) [Debug] 1 [PackageName] WindowsEditor [ProjectName] Editor" 

Player connection [17584] Host joined multi-casting on [225.0.0.222:54997]...
Player connection [17584] Host joined alternative multi-casting on [225.0.0.222:34997]...
JobSystem: Creating JobQueue using job-worker-count value 5
Input System module state changed to: Initialized.
[Physics::Module] Initialized fallback backend.
[Physics::Module] Id: 0xdecafbad
Library Redirect Path: Library/
[Physics::Module] Selected backend.
[Physics::Module] Name: PhysX
[Physics::Module] Id: 0xf2b8ea05
[Physics::Module] SDK Version: 4.1.2
[Physics::Module] Integration Version: 1.0.0
[Physics::Module] Threading Mode: Multi-Threaded
Refreshing native plugins compatible for Editor in 2.11 ms, found 3 plugins.
Preloading 0 native plugins for Editor in 0.00 ms.
Initialize engine version: 6000.0.39f1 (15ea7ed0b100)
[Subsystems] Discovering subsystems at path C:/Program Files/Unity/Hub/Editor/6000.0.39f1/Editor/Data/Resources/UnitySubsystems
[Subsystems] Discovering subsystems at path C:/Users/AslyQ/Desktop/FirulaisFoodGame/FirulaisFood/Assets
GfxDevice: creating device client; kGfxThreadingModeNonThreaded
Direct3D:
    Version:  Direct3D 11.0 [level 11.1]
    Renderer: NVIDIA GeForce GTX 1060 6GB (ID=0x1c03)
    Vendor:   NVIDIA
    VRAM:     6029 MB
    Driver:   32.0.15.6614
Initialize mono
Mono path[0] = 'C:/Program Files/Unity/Hub/Editor/6000.0.39f1/Editor/Data/Managed'
Mono path[1] = 'C:/Program Files/Unity/Hub/Editor/6000.0.39f1/Editor/Data/MonoBleedingEdge/lib/mono/unityjit-win32'
Mono config path = 'C:/Program Files/Unity/Hub/Editor/6000.0.39f1/Editor/Data/MonoBleedingEdge/etc'
Using monoOptions --debugger-agent=transport=dt_socket,embedding=1,server=y,suspend=n,address=127.0.0.1:56052
Begin MonoManager ReloadAssembly
Registering precompiled unity dll's ...
Register platform support module: C:/Program Files/Unity/Hub/Editor/6000.0.39f1/Editor/Data/PlaybackEngines/WebGLSupport/UnityEditor.WebGL.Extensions.dll
Register platform support module: C:/Program Files/Unity/Hub/Editor/6000.0.39f1/Editor/Data/PlaybackEngines/WindowsStandaloneSupport/UnityEditor.WindowsStandalone.Extensions.dll
Registered in 0.004582 seconds.
- Loaded All Assemblies, in  0.437 seconds
Native extension for WindowsStandalone target not found
Native extension for WebGL target not found
Mono: successfully reloaded assembly
- Finished resetting the current domain, in  0.362 seconds
Domain Reload Profiling: 796ms
	BeginReloadAssembly (148ms)
		ExecutionOrderSort (0ms)
		DisableScriptedObjects (0ms)
		BackupInstance (0ms)
		ReleaseScriptingObjects (0ms)
		CreateAndSetChildDomain (1ms)
	RebuildCommonClasses (43ms)
	RebuildNativeTypeToScriptingClass (14ms)
	initialDomainReloadingComplete (56ms)
	LoadAllAssembliesAndSetupDomain (174ms)
		LoadAssemblies (144ms)
		RebuildTransferFunctionScriptingTraits (0ms)
		AnalyzeDomain (171ms)
			TypeCache.Refresh (169ms)
				TypeCache.ScanAssembly (155ms)
			BuildScriptInfoCaches (0ms)
			ResolveRequiredComponents (1ms)
	FinalizeReload (362ms)
		ReleaseScriptCaches (0ms)
		RebuildScriptCaches (0ms)
		SetupLoadedEditorAssemblies (308ms)
			LogAssemblyErrors (0ms)
			InitializePlatformSupportModulesInManaged (28ms)
			SetLoadedEditorAssemblies (5ms)
			BeforeProcessingInitializeOnLoad (62ms)
			ProcessInitializeOnLoadAttributes (155ms)
			ProcessInitializeOnLoadMethodAttributes (58ms)
			AfterProcessingInitializeOnLoad (0ms)
			EditorAssembliesLoaded (0ms)
		ExecutionOrderSort2 (0ms)
		AwakeInstancesAfterBackupRestoration (0ms)
========================================================================
Worker process is ready to serve import requests
Import Worker Mode flag is 0x00
Begin MonoManager ReloadAssembly
- Loaded All Assemblies, in  0.822 seconds
Refreshing native plugins compatible for Editor in 1.24 ms, found 3 plugins.
Native extension for WindowsStandalone target not found
Native extension for WebGL target not found
Mono: successfully reloaded assembly
- Finished resetting the current domain, in  0.770 seconds
Domain Reload Profiling: 1586ms
	BeginReloadAssembly (193ms)
		ExecutionOrderSort (0ms)
		DisableScriptedObjects (7ms)
		BackupInstance (0ms)
		ReleaseScriptingObjects (0ms)
		CreateAndSetChildDomain (39ms)
	RebuildCommonClasses (40ms)
	RebuildNativeTypeToScriptingClass (13ms)
	initialDomainReloadingComplete (42ms)
	LoadAllAssembliesAndSetupDomain (528ms)
		LoadAssemblies (382ms)
		RebuildTransferFunctionScriptingTraits (0ms)
		AnalyzeDomain (256ms)
			TypeCache.Refresh (187ms)
				TypeCache.ScanAssembly (172ms)
			BuildScriptInfoCaches (54ms)
			ResolveRequiredComponents (11ms)
	FinalizeReload (770ms)
		ReleaseScriptCaches (0ms)
		RebuildScriptCaches (0ms)
		SetupLoadedEditorAssemblies (598ms)
			LogAssemblyErrors (0ms)
			InitializePlatformSupportModulesInManaged (3ms)
			SetLoadedEditorAssemblies (4ms)
			BeforeProcessingInitializeOnLoad (116ms)
			ProcessInitializeOnLoadAttributes (372ms)
			ProcessInitializeOnLoadMethodAttributes (95ms)
			AfterProcessingInitializeOnLoad (7ms)
			EditorAssembliesLoaded (0ms)
		ExecutionOrderSort2 (0ms)
		AwakeInstancesAfterBackupRestoration (6ms)
Launched and connected shader compiler UnityShaderCompiler.exe after 0.02 seconds
Refreshing native plugins compatible for Editor in 1.34 ms, found 3 plugins.
Preloading 0 native plugins for Editor in 0.00 ms.
Unloading 198 Unused Serialized files (Serialized files now loaded: 0)
Unloading 5963 unused Assets / (6.3 MB). Loaded Objects now: 6607.
Memory consumption went from 159.6 MB to 153.3 MB.
Total: 8.953800 ms (FindLiveObjects: 0.781600 ms CreateObjectMapping: 0.311600 ms MarkObjects: 4.455000 ms  DeleteObjects: 3.404700 ms)

========================================================================
Received Import Request.
  Time since last request: 354648.612647 seconds.
  path: Assets/LowPolyFoodPack
  artifactKey: Guid(eefb60cbcac830a4db52aea13b8c73e3) Importer(815301076,1909f56bfc062723c751e8b465ee728b)
Start importing Assets/LowPolyFoodPack using Guid(eefb60cbcac830a4db52aea13b8c73e3) Importer(815301076,1909f56bfc062723c751e8b465ee728b) (PreviewImporter) -> (artifact id: '058e22fc7c68edfeaa99eff2018848e3') in 0.0110606 seconds
Number of updated asset objects reloaded before import = 0Number of asset objects unloaded after import = 0

========================================================================
Received Import Request.
  Time since last request: 1.400559 seconds.
  path: Assets/LowPolyFoodPack/Blender
  artifactKey: Guid(c5a8cbd79dc61fd4fba8cdc7f801d97c) Importer(815301076,1909f56bfc062723c751e8b465ee728b)
Start importing Assets/LowPolyFoodPack/Blender using Guid(c5a8cbd79dc61fd4fba8cdc7f801d97c) Importer(815301076,1909f56bfc062723c751e8b465ee728b) (PreviewImporter) -> (artifact id: '28b00e05a518bcd2537560e56c258440') in 0.0005997 seconds
Number of updated asset objects reloaded before import = 0Number of asset objects unloaded after import = 0

========================================================================
Received Import Request.
  Time since last request: 4.137749 seconds.
  path: Assets/LowPolyFoodPack/GodotProject
  artifactKey: Guid(f2dea8ab24595164684700d0e3fe51de) Importer(815301076,1909f56bfc062723c751e8b465ee728b)
Start importing Assets/LowPolyFoodPack/GodotProject using Guid(f2dea8ab24595164684700d0e3fe51de) Importer(815301076,1909f56bfc062723c751e8b465ee728b) (PreviewImporter) -> (artifact id: 'af74ee1cb064b4c867f1249c86639beb') in 0.000736 seconds
Number of updated asset objects reloaded before import = 0Number of asset objects unloaded after import = 0

========================================================================
Received Import Request.
  Time since last request: 2.559370 seconds.
  path: Assets/LowPolyFoodPack/Assets
  artifactKey: Guid(b13268fe3695fa842bfbf45cd3c68ae5) Importer(815301076,1909f56bfc062723c751e8b465ee728b)
Start importing Assets/LowPolyFoodPack/Assets using Guid(b13268fe3695fa842bfbf45cd3c68ae5) Importer(815301076,1909f56bfc062723c751e8b465ee728b) (PreviewImporter) -> (artifact id: '9116694b3168aa341044888023c0f94d') in 0.0005761 seconds
Number of updated asset objects reloaded before import = 0Number of asset objects unloaded after import = 0

========================================================================
Received Import Request.
  Time since last request: 147.760769 seconds.
  path: Assets/LowPolyFoodLite
  artifactKey: Guid(b7389567a4824e6438d4cc44c0f020ca) Importer(815301076,1909f56bfc062723c751e8b465ee728b)
Start importing Assets/LowPolyFoodLite using Guid(b7389567a4824e6438d4cc44c0f020ca) Importer(815301076,1909f56bfc062723c751e8b465ee728b) (PreviewImporter) -> (artifact id: '602efc7fd29979c27e73947f1b786262') in 0.0007225 seconds
Number of updated asset objects reloaded before import = 0Number of asset objects unloaded after import = 0

========================================================================
Received Import Request.
  Time since last request: 1.362746 seconds.
  path: Assets/LowPolyFoodLite/Materials
  artifactKey: Guid(00c2ec50b5302ca4ab301f9e55e40ba7) Importer(815301076,1909f56bfc062723c751e8b465ee728b)
Start importing Assets/LowPolyFoodLite/Materials using Guid(00c2ec50b5302ca4ab301f9e55e40ba7) Importer(815301076,1909f56bfc062723c751e8b465ee728b) (PreviewImporter) -> (artifact id: 'c637c022798ee662d56f43fb1bca6fd4') in 0.0006249 seconds
Number of updated asset objects reloaded before import = 0Number of asset objects unloaded after import = 0

========================================================================
Received Import Request.
  Time since last request: 1.046337 seconds.
  path: Assets/LowPolyFoodLite/Materials/LP_FoodLite_BG.mat
  artifactKey: Guid(adb2f20aa957c364e9a392a9214ef5d6) Importer(815301076,1909f56bfc062723c751e8b465ee728b)
Start importing Assets/LowPolyFoodLite/Materials/LP_FoodLite_BG.mat using Guid(adb2f20aa957c364e9a392a9214ef5d6) Importer(815301076,1909f56bfc062723c751e8b465ee728b) (PreviewImporter) -> (artifact id: '311f054ea490dc087bcdd367b867aaeb') in 0.7955202 seconds
Number of updated asset objects reloaded before import = 0Number of asset objects unloaded after import = 3

========================================================================
Received Import Request.
  Time since last request: 5.755371 seconds.
  path: Assets/LowPolyFoodLite/Scenes
  artifactKey: Guid(75e5fb19101b6f5429325578ed674c59) Importer(815301076,1909f56bfc062723c751e8b465ee728b)
Start importing Assets/LowPolyFoodLite/Scenes using Guid(75e5fb19101b6f5429325578ed674c59) Importer(815301076,1909f56bfc062723c751e8b465ee728b) (PreviewImporter) -> (artifact id: 'a1d3315e6562daf50c691fb31e773baf') in 0.0005859 seconds
Number of updated asset objects reloaded before import = 0Number of asset objects unloaded after import = 0

========================================================================
Received Import Request.
  Time since last request: 3.987291 seconds.
  path: Assets/LowPolyFoodLite/Prefabs
  artifactKey: Guid(2359cbeec6c6d9f4383c6f907531c518) Importer(815301076,1909f56bfc062723c751e8b465ee728b)
Start importing Assets/LowPolyFoodLite/Prefabs using Guid(2359cbeec6c6d9f4383c6f907531c518) Importer(815301076,1909f56bfc062723c751e8b465ee728b) (PreviewImporter) -> (artifact id: '325cd4536024da2effc7b179c1fe0520') in 0.0005808 seconds
Number of updated asset objects reloaded before import = 0Number of asset objects unloaded after import = 0

========================================================================
Received Import Request.
  Time since last request: 0.084945 seconds.
  path: Assets/LowPolyFoodLite/Prefabs/Apple.prefab
  artifactKey: Guid(d0ddd93953187fd4195f9cea4a7b8a56) Importer(815301076,1909f56bfc062723c751e8b465ee728b)
Start importing Assets/LowPolyFoodLite/Prefabs/Apple.prefab using Guid(d0ddd93953187fd4195f9cea4a7b8a56) Importer(815301076,1909f56bfc062723c751e8b465ee728b) (PreviewImporter) -> (artifact id: 'e12fb966fb010814ce68b8f314e696e3') in 0.0417342 seconds
Number of updated asset objects reloaded before import = 0Number of asset objects unloaded after import = 10

========================================================================
Received Import Request.
  Time since last request: 0.000028 seconds.
  path: Assets/LowPolyFoodLite/Prefabs/Carrot.prefab
  artifactKey: Guid(ac3960763d9ed134b93e9bf2315734f3) Importer(815301076,1909f56bfc062723c751e8b465ee728b)
Start importing Assets/LowPolyFoodLite/Prefabs/Carrot.prefab using Guid(ac3960763d9ed134b93e9bf2315734f3) Importer(815301076,1909f56bfc062723c751e8b465ee728b) (PreviewImporter) -> (artifact id: '0741a9264ffd5e49c19f26e16b2df83c') in 0.0231532 seconds
Number of updated asset objects reloaded before import = 0Number of asset objects unloaded after import = 10

========================================================================
Received Import Request.
  Time since last request: 0.000025 seconds.
  path: Assets/LowPolyFoodLite/Prefabs/Knife.prefab
  artifactKey: Guid(c331d4509e2a94446b4dedf64fcae8dd) Importer(815301076,1909f56bfc062723c751e8b465ee728b)
Start importing Assets/LowPolyFoodLite/Prefabs/Knife.prefab using Guid(c331d4509e2a94446b4dedf64fcae8dd) Importer(815301076,1909f56bfc062723c751e8b465ee728b) (PreviewImporter) -> (artifact id: '56e198955a4e1e4bc7a711b7f67b728d') in 0.0188089 seconds
Number of updated asset objects reloaded before import = 0Number of asset objects unloaded after import = 10

========================================================================
Received Import Request.
  Time since last request: 0.000023 seconds.
  path: Assets/LowPolyFoodLite/Prefabs/Cupcake.prefab
  artifactKey: Guid(d8cf39e351e7c82408a1ea1822811ad9) Importer(815301076,1909f56bfc062723c751e8b465ee728b)
Start importing Assets/LowPolyFoodLite/Prefabs/Cupcake.prefab using Guid(d8cf39e351e7c82408a1ea1822811ad9) Importer(815301076,1909f56bfc062723c751e8b465ee728b) (PreviewImporter) -> (artifact id: '4f5cccb41b250b3bdf240118bc02d605') in 0.0221568 seconds
Number of updated asset objects reloaded before import = 0Number of asset objects unloaded after import = 10

========================================================================
Received Import Request.
  Time since last request: 0.000033 seconds.
  path: Assets/LowPolyFoodLite/Prefabs/Cake.prefab
  artifactKey: Guid(c6f47410b0c7bfa488e17d3d793d6de4) Importer(815301076,1909f56bfc062723c751e8b465ee728b)
Start importing Assets/LowPolyFoodLite/Prefabs/Cake.prefab using Guid(c6f47410b0c7bfa488e17d3d793d6de4) Importer(815301076,1909f56bfc062723c751e8b465ee728b) (PreviewImporter) -> (artifact id: '390bba3fd4f26a24a406aeb0ba5f6198') in 0.0197143 seconds
Number of updated asset objects reloaded before import = 0Number of asset objects unloaded after import = 10

========================================================================
Received Import Request.
  Time since last request: 0.000022 seconds.
  path: Assets/LowPolyFoodLite/Prefabs/Pepper.prefab
  artifactKey: Guid(6887084a4d02b064fbd55a21a809634f) Importer(815301076,1909f56bfc062723c751e8b465ee728b)
Start importing Assets/LowPolyFoodLite/Prefabs/Pepper.prefab using Guid(6887084a4d02b064fbd55a21a809634f) Importer(815301076,1909f56bfc062723c751e8b465ee728b) (PreviewImporter) -> (artifact id: 'a3dae395d7e384fce839b44155db978b') in 0.0164098 seconds
Number of updated asset objects reloaded before import = 0Number of asset objects unloaded after import = 10

========================================================================
Received Import Request.
  Time since last request: 0.000034 seconds.
  path: Assets/LowPolyFoodLite/Prefabs/Tomato.prefab
  artifactKey: Guid(e46a842bf3694a84cadd43bb62ba0348) Importer(815301076,1909f56bfc062723c751e8b465ee728b)
Start importing Assets/LowPolyFoodLite/Prefabs/Tomato.prefab using Guid(e46a842bf3694a84cadd43bb62ba0348) Importer(815301076,1909f56bfc062723c751e8b465ee728b) (PreviewImporter) -> (artifact id: '86eee3ac06977af318e60eeefa42cf94') in 0.0163593 seconds
Number of updated asset objects reloaded before import = 0Number of asset objects unloaded after import = 10

========================================================================
Received Import Request.
  Time since last request: 0.000020 seconds.
  path: Assets/LowPolyFoodLite/Prefabs/Plate_02.prefab
  artifactKey: Guid(1b4c57d892a190d488bc5467a43318ef) Importer(815301076,1909f56bfc062723c751e8b465ee728b)
Start importing Assets/LowPolyFoodLite/Prefabs/Plate_02.prefab using Guid(1b4c57d892a190d488bc5467a43318ef) Importer(815301076,1909f56bfc062723c751e8b465ee728b) (PreviewImporter) -> (artifact id: '4a94fb9125b4dc51d7876c139afbdf3b') in 0.020835 seconds
Number of updated asset objects reloaded before import = 0Number of asset objects unloaded after import = 10

========================================================================
Received Import Request.
  Time since last request: 0.000024 seconds.
  path: Assets/LowPolyFoodLite/Prefabs/Burger.prefab
  artifactKey: Guid(cff631b005b811944a846f281776d825) Importer(815301076,1909f56bfc062723c751e8b465ee728b)
Start importing Assets/LowPolyFoodLite/Prefabs/Burger.prefab using Guid(cff631b005b811944a846f281776d825) Importer(815301076,1909f56bfc062723c751e8b465ee728b) (PreviewImporter) -> (artifact id: 'f17624b739b1a047c65a8d9cd40d45d9') in 0.0206629 seconds
Number of updated asset objects reloaded before import = 0Number of asset objects unloaded after import = 10

========================================================================
Received Import Request.
  Time since last request: 0.000063 seconds.
  path: Assets/LowPolyFoodLite/Prefabs/KitchenProps_01.prefab
  artifactKey: Guid(49631361040b46f4889e95efdb1b1a3c) Importer(815301076,1909f56bfc062723c751e8b465ee728b)
Start importing Assets/LowPolyFoodLite/Prefabs/KitchenProps_01.prefab using Guid(49631361040b46f4889e95efdb1b1a3c) Importer(815301076,1909f56bfc062723c751e8b465ee728b) (PreviewImporter) -> (artifact id: '2ca056e8a2155f0c29182e22822434c9') in 0.0179492 seconds
Number of updated asset objects reloaded before import = 0Number of asset objects unloaded after import = 10

========================================================================
Received Import Request.
  Time since last request: 0.000066 seconds.
  path: Assets/LowPolyFoodLite/Prefabs/Donut_02.prefab
  artifactKey: Guid(7ad882d92260f6d42900c84561064dd3) Importer(815301076,1909f56bfc062723c751e8b465ee728b)
Start importing Assets/LowPolyFoodLite/Prefabs/Donut_02.prefab using Guid(7ad882d92260f6d42900c84561064dd3) Importer(815301076,1909f56bfc062723c751e8b465ee728b) (PreviewImporter) -> (artifact id: 'ff59e2a9020562de6c60fd37a6ce509b') in 0.0142191 seconds
Number of updated asset objects reloaded before import = 0Number of asset objects unloaded after import = 10

========================================================================
Received Import Request.
  Time since last request: 0.000022 seconds.
  path: Assets/LowPolyFoodLite/Prefabs/Pumpkin.prefab
  artifactKey: Guid(e532945e283cca7478582f8a1880fdc7) Importer(815301076,1909f56bfc062723c751e8b465ee728b)
Start importing Assets/LowPolyFoodLite/Prefabs/Pumpkin.prefab using Guid(e532945e283cca7478582f8a1880fdc7) Importer(815301076,1909f56bfc062723c751e8b465ee728b) (PreviewImporter) -> (artifact id: '1b20ec4cf8acf1e5edb56e65a344cef0') in 0.0178952 seconds
Number of updated asset objects reloaded before import = 0Number of asset objects unloaded after import = 10

========================================================================
Received Import Request.
  Time since last request: 0.000030 seconds.
  path: Assets/LowPolyFoodLite/Prefabs/Donut_01.prefab
  artifactKey: Guid(71be32ea5846afd419e33241296bc486) Importer(815301076,1909f56bfc062723c751e8b465ee728b)
Start importing Assets/LowPolyFoodLite/Prefabs/Donut_01.prefab using Guid(71be32ea5846afd419e33241296bc486) Importer(815301076,1909f56bfc062723c751e8b465ee728b) (PreviewImporter) -> (artifact id: 'c8c4a423eb2a094012da13a07816eb28') in 0.0150725 seconds
Number of updated asset objects reloaded before import = 0Number of asset objects unloaded after import = 10

========================================================================
Received Import Request.
  Time since last request: 0.000041 seconds.
  path: Assets/LowPolyFoodLite/Prefabs/Garlic.prefab
  artifactKey: Guid(b701910af56d089428c372aa6ba53383) Importer(815301076,1909f56bfc062723c751e8b465ee728b)
Start importing Assets/LowPolyFoodLite/Prefabs/Garlic.prefab using Guid(b701910af56d089428c372aa6ba53383) Importer(815301076,1909f56bfc062723c751e8b465ee728b) (PreviewImporter) -> (artifact id: 'dd7d683623a23c8c6344ee2ac89e7958') in 0.0192526 seconds
Number of updated asset objects reloaded before import = 0Number of asset objects unloaded after import = 10

========================================================================
Received Import Request.
  Time since last request: 36.774814 seconds.
  path: Assets/LowPolyFoodLite/Textures
  artifactKey: Guid(f5d1b2ca9a3d18b499ffa78534c5aef1) Importer(815301076,1909f56bfc062723c751e8b465ee728b)
Start importing Assets/LowPolyFoodLite/Textures using Guid(f5d1b2ca9a3d18b499ffa78534c5aef1) Importer(815301076,1909f56bfc062723c751e8b465ee728b) (PreviewImporter) -> (artifact id: 'e0fb117c5697af1f4b352b67b7077ec2') in 0.0006683 seconds
Number of updated asset objects reloaded before import = 0Number of asset objects unloaded after import = 0

========================================================================
Received Import Request.
  Time since last request: 0.012677 seconds.
  path: Assets/LowPolyFoodLite/Textures/LowPolyFoodLiteTexture_01.png
  artifactKey: Guid(eb447288676d0ef4e8428f44adebc551) Importer(815301076,1909f56bfc062723c751e8b465ee728b)
Start importing Assets/LowPolyFoodLite/Textures/LowPolyFoodLiteTexture_01.png using Guid(eb447288676d0ef4e8428f44adebc551) Importer(815301076,1909f56bfc062723c751e8b465ee728b) (PreviewImporter) -> (artifact id: 'b0dbedd76fd70433e19f46f6ad51ed85') in 0.0243813 seconds
Number of updated asset objects reloaded before import = 0Number of asset objects unloaded after import = 2

========================================================================
Received Import Request.
  Time since last request: 5.986873 seconds.
  path: Assets/LowPolyFoodLite/LowPolyFoodLite_2020.3.0_HDRP_v1.0.unitypackage
  artifactKey: Guid(e8d1d59b4af53fb4685894e0972082fc) Importer(815301076,1909f56bfc062723c751e8b465ee728b)
Start importing Assets/LowPolyFoodLite/LowPolyFoodLite_2020.3.0_HDRP_v1.0.unitypackage using Guid(e8d1d59b4af53fb4685894e0972082fc) Importer(815301076,1909f56bfc062723c751e8b465ee728b) (PreviewImporter) -> (artifact id: 'f835a06a4a2795d56cbb55c75c23f025') in 0.0014091 seconds
Number of updated asset objects reloaded before import = 0Number of asset objects unloaded after import = 1

========================================================================
Received Import Request.
  Time since last request: 7.275806 seconds.
  path: Assets/LowPolyFoodLite/LowPolyFoodLite_2020.3.0_URP_v1.0.unitypackage
  artifactKey: Guid(3294b408d2ae84a4ab6cf9b99f3f1628) Importer(815301076,1909f56bfc062723c751e8b465ee728b)
Start importing Assets/LowPolyFoodLite/LowPolyFoodLite_2020.3.0_URP_v1.0.unitypackage using Guid(3294b408d2ae84a4ab6cf9b99f3f1628) Importer(815301076,1909f56bfc062723c751e8b465ee728b) (PreviewImporter) -> (artifact id: '754cbf13f03c6221ea72f123073ad062') in 0.0010296 seconds
Number of updated asset objects reloaded before import = 0Number of asset objects unloaded after import = 1

========================================================================
Received Import Request.
  Time since last request: 6.299255 seconds.
  path: Assets/LowPolyFoodLite/Materials/LP_FoodLite_BG.mat
  artifactKey: Guid(adb2f20aa957c364e9a392a9214ef5d6) Importer(815301076,1909f56bfc062723c751e8b465ee728b)
Start importing Assets/LowPolyFoodLite/Materials/LP_FoodLite_BG.mat using Guid(adb2f20aa957c364e9a392a9214ef5d6) Importer(815301076,1909f56bfc062723c751e8b465ee728b) (PreviewImporter) -> (artifact id: '40f0ba599af567748f7d5037d9e055bf') in 0.0283648 seconds
Number of updated asset objects reloaded before import = 0Number of asset objects unloaded after import = 1

========================================================================
Received Import Request.
  Time since last request: 3.393574 seconds.
  path: Assets/LowPolyFoodLite/Models
  artifactKey: Guid(c33c75b478fc28240b70a01981809036) Importer(815301076,1909f56bfc062723c751e8b465ee728b)
Start importing Assets/LowPolyFoodLite/Models using Guid(c33c75b478fc28240b70a01981809036) Importer(815301076,1909f56bfc062723c751e8b465ee728b) (PreviewImporter) -> (artifact id: '3bffdd202185796de1e3af38eef7e8bd') in 0.0005786 seconds
Number of updated asset objects reloaded before import = 0Number of asset objects unloaded after import = 0

========================================================================
Received Import Request.
  Time since last request: 0.211397 seconds.
  path: Assets/LowPolyFoodLite/Models/Apple.fbx
  artifactKey: Guid(12bf7c0de8c3b5b4bb67f4f585d5a093) Importer(815301076,1909f56bfc062723c751e8b465ee728b)
Start importing Assets/LowPolyFoodLite/Models/Apple.fbx using Guid(12bf7c0de8c3b5b4bb67f4f585d5a093) Importer(815301076,1909f56bfc062723c751e8b465ee728b) (PreviewImporter) -> (artifact id: '1f89ed7f3967a049e6b5d3ab7536e1e4') in 0.037109 seconds
Number of updated asset objects reloaded before import = 0Number of asset objects unloaded after import = 7

========================================================================
Received Import Request.
  Time since last request: 0.000030 seconds.
  path: Assets/LowPolyFoodLite/Models/Pear.fbx
  artifactKey: Guid(ebec41d2536eb3c4eafa75e0c95f6d31) Importer(815301076,1909f56bfc062723c751e8b465ee728b)
Start importing Assets/LowPolyFoodLite/Models/Pear.fbx using Guid(ebec41d2536eb3c4eafa75e0c95f6d31) Importer(815301076,1909f56bfc062723c751e8b465ee728b) (PreviewImporter) -> (artifact id: 'b7b902b366bf31dff388158d4ef4c865') in 0.0210565 seconds
Number of updated asset objects reloaded before import = 0Number of asset objects unloaded after import = 7

========================================================================
Received Import Request.
  Time since last request: 0.000036 seconds.
  path: Assets/LowPolyFoodLite/Models/Broccoli.fbx
  artifactKey: Guid(6f41ced50b4be084786971caeec1f413) Importer(815301076,1909f56bfc062723c751e8b465ee728b)
Start importing Assets/LowPolyFoodLite/Models/Broccoli.fbx using Guid(6f41ced50b4be084786971caeec1f413) Importer(815301076,1909f56bfc062723c751e8b465ee728b) (PreviewImporter) -> (artifact id: '327f6cd924131f018a54727650160a24') in 0.0212519 seconds
Number of updated asset objects reloaded before import = 0Number of asset objects unloaded after import = 7

========================================================================
Received Import Request.
  Time since last request: 0.000030 seconds.
  path: Assets/LowPolyFoodLite/Models/Soda.fbx
  artifactKey: Guid(4ad0dc4a44b5e554290d1283e1b57e3d) Importer(815301076,1909f56bfc062723c751e8b465ee728b)
Start importing Assets/LowPolyFoodLite/Models/Soda.fbx using Guid(4ad0dc4a44b5e554290d1283e1b57e3d) Importer(815301076,1909f56bfc062723c751e8b465ee728b) (PreviewImporter) -> (artifact id: 'e34043d41d5821ea5eb7ff349901fc96') in 0.0197602 seconds
Number of updated asset objects reloaded before import = 0Number of asset objects unloaded after import = 7

========================================================================
Received Import Request.
  Time since last request: 0.000025 seconds.
  path: Assets/LowPolyFoodLite/Models/Garlic.fbx
  artifactKey: Guid(492a45aed2810d6409d24485e57a145c) Importer(815301076,1909f56bfc062723c751e8b465ee728b)
Start importing Assets/LowPolyFoodLite/Models/Garlic.fbx using Guid(492a45aed2810d6409d24485e57a145c) Importer(815301076,1909f56bfc062723c751e8b465ee728b) (PreviewImporter) -> (artifact id: '6ed4ff80963b6e50e7a8be7145cdc8bd') in 0.0203743 seconds
Number of updated asset objects reloaded before import = 0Number of asset objects unloaded after import = 7

========================================================================
Received Import Request.
  Time since last request: 0.000021 seconds.
  path: Assets/LowPolyFoodLite/Models/Cupcake.fbx
  artifactKey: Guid(1e563b9fd9b1e414b9c8323cf0f2c89d) Importer(815301076,1909f56bfc062723c751e8b465ee728b)
Start importing Assets/LowPolyFoodLite/Models/Cupcake.fbx using Guid(1e563b9fd9b1e414b9c8323cf0f2c89d) Importer(815301076,1909f56bfc062723c751e8b465ee728b) (PreviewImporter) -> (artifact id: '7ca74bcab2d26de44b4428a278a770db') in 0.0198995 seconds
Number of updated asset objects reloaded before import = 0Number of asset objects unloaded after import = 7

========================================================================
Received Import Request.
  Time since last request: 0.000019 seconds.
  path: Assets/LowPolyFoodLite/Models/Bread.fbx
  artifactKey: Guid(5a860cf6d43581e43870f56889bf5f7b) Importer(815301076,1909f56bfc062723c751e8b465ee728b)
Start importing Assets/LowPolyFoodLite/Models/Bread.fbx using Guid(5a860cf6d43581e43870f56889bf5f7b) Importer(815301076,1909f56bfc062723c751e8b465ee728b) (PreviewImporter) -> (artifact id: '829b9030868fa3e55dae572d63e5148f') in 0.023626 seconds
Number of updated asset objects reloaded before import = 0Number of asset objects unloaded after import = 7

========================================================================
Received Import Request.
  Time since last request: 0.000022 seconds.
  path: Assets/LowPolyFoodLite/Models/Donut_02.fbx
  artifactKey: Guid(dfb39248011bc5c48b7bb365ac5b5a6b) Importer(815301076,1909f56bfc062723c751e8b465ee728b)
Start importing Assets/LowPolyFoodLite/Models/Donut_02.fbx using Guid(dfb39248011bc5c48b7bb365ac5b5a6b) Importer(815301076,1909f56bfc062723c751e8b465ee728b) (PreviewImporter) -> (artifact id: '864350385adec59cef040c2f230e1066') in 0.0221038 seconds
Number of updated asset objects reloaded before import = 0Number of asset objects unloaded after import = 7

========================================================================
Received Import Request.
  Time since last request: 0.000029 seconds.
  path: Assets/LowPolyFoodLite/Models/Tomato.fbx
  artifactKey: Guid(9da20384a72bafd4ba5e77eaa896ccd6) Importer(815301076,1909f56bfc062723c751e8b465ee728b)
Start importing Assets/LowPolyFoodLite/Models/Tomato.fbx using Guid(9da20384a72bafd4ba5e77eaa896ccd6) Importer(815301076,1909f56bfc062723c751e8b465ee728b) (PreviewImporter) -> (artifact id: '5a411fbbb46b1b81c1349a0e15e46db7') in 0.0185953 seconds
Number of updated asset objects reloaded before import = 0Number of asset objects unloaded after import = 7

========================================================================
Received Import Request.
  Time since last request: 0.000042 seconds.
  path: Assets/LowPolyFoodLite/Models/Burger.fbx
  artifactKey: Guid(17bb0e13d90eb7540a9620e6f74bb614) Importer(815301076,1909f56bfc062723c751e8b465ee728b)
Start importing Assets/LowPolyFoodLite/Models/Burger.fbx using Guid(17bb0e13d90eb7540a9620e6f74bb614) Importer(815301076,1909f56bfc062723c751e8b465ee728b) (PreviewImporter) -> (artifact id: '192c3cef66b7bdc42eea00b400c5e340') in 0.0185545 seconds
Number of updated asset objects reloaded before import = 0Number of asset objects unloaded after import = 7

========================================================================
Received Import Request.
  Time since last request: 0.000022 seconds.
  path: Assets/LowPolyFoodLite/Models/Pepper.fbx
  artifactKey: Guid(0483fbf3fcdb60740a9db9ef1f6598ff) Importer(815301076,1909f56bfc062723c751e8b465ee728b)
Start importing Assets/LowPolyFoodLite/Models/Pepper.fbx using Guid(0483fbf3fcdb60740a9db9ef1f6598ff) Importer(815301076,1909f56bfc062723c751e8b465ee728b) (PreviewImporter) -> (artifact id: '6961d1754711f6b4ae24380a8ce155d5') in 0.0235086 seconds
Number of updated asset objects reloaded before import = 0Number of asset objects unloaded after import = 7

========================================================================
Received Import Request.
  Time since last request: 0.000032 seconds.
  path: Assets/LowPolyFoodLite/Models/Fish.fbx
  artifactKey: Guid(6e7236bcc7ad8a345bd8203a37806cee) Importer(815301076,1909f56bfc062723c751e8b465ee728b)
Start importing Assets/LowPolyFoodLite/Models/Fish.fbx using Guid(6e7236bcc7ad8a345bd8203a37806cee) Importer(815301076,1909f56bfc062723c751e8b465ee728b) (PreviewImporter) -> (artifact id: 'de6af8db180e1ea497b93e43effaa0b8') in 0.0220566 seconds
Number of updated asset objects reloaded before import = 0Number of asset objects unloaded after import = 7

========================================================================
Received Import Request.
  Time since last request: 0.000021 seconds.
  path: Assets/LowPolyFoodLite/Models/Carrot.fbx
  artifactKey: Guid(539003eed0bf20a4faf58b92584a662b) Importer(815301076,1909f56bfc062723c751e8b465ee728b)
Start importing Assets/LowPolyFoodLite/Models/Carrot.fbx using Guid(539003eed0bf20a4faf58b92584a662b) Importer(815301076,1909f56bfc062723c751e8b465ee728b) (PreviewImporter) -> (artifact id: '94fb0594ea78ef4d9081d31467dedcdb') in 0.0246134 seconds
Number of updated asset objects reloaded before import = 0Number of asset objects unloaded after import = 7

========================================================================
Received Import Request.
  Time since last request: 21.604644 seconds.
  path: Assets/PixelFood/Free_pixel_food_16x16
  artifactKey: Guid(661e4dbdb861b09499228260f8ecf32d) Importer(815301076,1909f56bfc062723c751e8b465ee728b)
Start importing Assets/PixelFood/Free_pixel_food_16x16 using Guid(661e4dbdb861b09499228260f8ecf32d) Importer(815301076,1909f56bfc062723c751e8b465ee728b) (PreviewImporter) -> (artifact id: 'f7ba03648a4ad02f06099e59dfceb6cb') in 0.0009596 seconds
Number of updated asset objects reloaded before import = 0Number of asset objects unloaded after import = 0

========================================================================
Received Import Request.
  Time since last request: 0.008667 seconds.
  path: Assets/PixelFood/Free_pixel_food_16x16/Icons_display.png
  artifactKey: Guid(c283f0b0fa52ab644a1e3b6de400bcc5) Importer(815301076,1909f56bfc062723c751e8b465ee728b)
Start importing Assets/PixelFood/Free_pixel_food_16x16/Icons_display.png using Guid(c283f0b0fa52ab644a1e3b6de400bcc5) Importer(815301076,1909f56bfc062723c751e8b465ee728b) (PreviewImporter) -> (artifact id: 'c7efd7580914f236aea45fabbe59ac64') in 0.0164537 seconds
Number of updated asset objects reloaded before import = 0Number of asset objects unloaded after import = 2

========================================================================
Received Import Request.
  Time since last request: 898.669370 seconds.
  path: Assets/Food
  artifactKey: Guid(dd822bd3cc963ca44b723f90c11b50e1) Importer(815301076,1909f56bfc062723c751e8b465ee728b)
Start importing Assets/Food using Guid(dd822bd3cc963ca44b723f90c11b50e1) Importer(815301076,1909f56bfc062723c751e8b465ee728b) (PreviewImporter) -> (artifact id: '3ab7fce027498a6a52ad686d801b97fc') in 0.0007583 seconds
Number of updated asset objects reloaded before import = 0Number of asset objects unloaded after import = 0

========================================================================
Received Import Request.
  Time since last request: 11.382238 seconds.
  path: Assets/LowPolyFood
  artifactKey: Guid(b7389567a4824e6438d4cc44c0f020ca) Importer(815301076,1909f56bfc062723c751e8b465ee728b)
Start importing Assets/LowPolyFood using Guid(b7389567a4824e6438d4cc44c0f020ca) Importer(815301076,1909f56bfc062723c751e8b465ee728b) (PreviewImporter) -> (artifact id: '4f707d3275f756fb9a5dbf328d476bbd') in 0.0005865 seconds
Number of updated asset objects reloaded before import = 0Number of asset objects unloaded after import = 0

========================================================================
Received Import Request.
  Time since last request: 201.841077 seconds.
  path: Assets/Audio/IUaudio
  artifactKey: Guid(14859b9ae27f9ab439946e1af9c8e78a) Importer(815301076,1909f56bfc062723c751e8b465ee728b)
Start importing Assets/Audio/IUaudio using Guid(14859b9ae27f9ab439946e1af9c8e78a) Importer(815301076,1909f56bfc062723c751e8b465ee728b) (PreviewImporter) -> (artifact id: '58477bb93add9f887e2a613185eaabb6') in 0.0006222 seconds
Number of updated asset objects reloaded before import = 0Number of asset objects unloaded after import = 0

========================================================================
Received Import Request.
  Time since last request: 52.612251 seconds.
  path: Assets/Audio/AmbienteTerror
  artifactKey: Guid(1e749a1fc76cf2549a17252770100870) Importer(815301076,1909f56bfc062723c751e8b465ee728b)
Start importing Assets/Audio/AmbienteTerror using Guid(1e749a1fc76cf2549a17252770100870) Importer(815301076,1909f56bfc062723c751e8b465ee728b) (PreviewImporter) -> (artifact id: '2d674b2e3e790a9765419fe6004642fb') in 0.0005417 seconds
Number of updated asset objects reloaded before import = 0Number of asset objects unloaded after import = 0

========================================================================
Received Import Request.
  Time since last request: 17.269503 seconds.
  path: Assets/Audio/AmbienteTerror/18. Ominous Ambience.wav
  artifactKey: Guid(c44d8dcc4a7606a48b3338e3df707e7f) Importer(815301076,1909f56bfc062723c751e8b465ee728b)
Start importing Assets/Audio/AmbienteTerror/18. Ominous Ambience.wav using Guid(c44d8dcc4a7606a48b3338e3df707e7f) Importer(815301076,1909f56bfc062723c751e8b465ee728b) (PreviewImporter) -> (artifact id: '2293ae80cde9ed62cae70cb727aa77d8') in 0.0472076 seconds
Number of updated asset objects reloaded before import = 0Number of asset objects unloaded after import = 2

========================================================================
Received Import Request.
  Time since last request: 18.723339 seconds.
  path: Assets/Audio/AmbienteCute
  artifactKey: Guid(55baaa3036640f74aaca7dfa9baf8e13) Importer(815301076,1909f56bfc062723c751e8b465ee728b)
Start importing Assets/Audio/AmbienteCute using Guid(55baaa3036640f74aaca7dfa9baf8e13) Importer(815301076,1909f56bfc062723c751e8b465ee728b) (PreviewImporter) -> (artifact id: '3bdaab23750d0cc25ebfd4413434f8d6') in 0.0005657 seconds
Number of updated asset objects reloaded before import = 0Number of asset objects unloaded after import = 0

========================================================================
Received Import Request.
  Time since last request: 405.737245 seconds.
  path: Assets/FXparticle
  artifactKey: Guid(0df85e0fe5f62de4da07e98ee1d276f8) Importer(815301076,1909f56bfc062723c751e8b465ee728b)
Start importing Assets/FXparticle using Guid(0df85e0fe5f62de4da07e98ee1d276f8) Importer(815301076,1909f56bfc062723c751e8b465ee728b) (PreviewImporter) -> (artifact id: '5419a3bd9617870ccb568553416aa900') in 0.0007437 seconds
Number of updated asset objects reloaded before import = 0Number of asset objects unloaded after import = 0

========================================================================
Received Import Request.
  Time since last request: 18.706139 seconds.
  path: Assets/FXparticle/GIFs
  artifactKey: Guid(4e3347e0f38794047a6ad8785b489184) Importer(815301076,1909f56bfc062723c751e8b465ee728b)
Start importing Assets/FXparticle/GIFs using Guid(4e3347e0f38794047a6ad8785b489184) Importer(815301076,1909f56bfc062723c751e8b465ee728b) (PreviewImporter) -> (artifact id: 'fb789074c5582efdf77036a99a387c59') in 0.0005809 seconds
Number of updated asset objects reloaded before import = 0Number of asset objects unloaded after import = 0

========================================================================
Received Import Request.
  Time since last request: 0.057495 seconds.
  path: Assets/FXparticle/GIFs/Blood Splat.gif
  artifactKey: Guid(62f7eefdd7cce21499ec451ee393942d) Importer(815301076,1909f56bfc062723c751e8b465ee728b)
Start importing Assets/FXparticle/GIFs/Blood Splat.gif using Guid(62f7eefdd7cce21499ec451ee393942d) Importer(815301076,1909f56bfc062723c751e8b465ee728b) (PreviewImporter) -> (artifact id: 'e9eaf6d795eaf8c3b9c9cc36217589e2') in 0.0138536 seconds
Number of updated asset objects reloaded before import = 0Number of asset objects unloaded after import = 2

========================================================================
Received Import Request.
  Time since last request: 0.000027 seconds.
  path: Assets/FXparticle/GIFs/Fire+Sparks.gif
  artifactKey: Guid(babda8a27504f064692196b483783740) Importer(815301076,1909f56bfc062723c751e8b465ee728b)
Start importing Assets/FXparticle/GIFs/Fire+Sparks.gif using Guid(babda8a27504f064692196b483783740) Importer(815301076,1909f56bfc062723c751e8b465ee728b) (PreviewImporter) -> (artifact id: '84e9f6bce111be5b5ca1435cfb4d6428') in 0.0186202 seconds
Number of updated asset objects reloaded before import = 0Number of asset objects unloaded after import = 2

========================================================================
Received Import Request.
  Time since last request: 0.000022 seconds.
  path: Assets/FXparticle/GIFs/Leaves.gif
  artifactKey: Guid(043129ab9fb48a84aa560bee27e543db) Importer(815301076,1909f56bfc062723c751e8b465ee728b)
Start importing Assets/FXparticle/GIFs/Leaves.gif using Guid(043129ab9fb48a84aa560bee27e543db) Importer(815301076,1909f56bfc062723c751e8b465ee728b) (PreviewImporter) -> (artifact id: 'e58a58050634041b1e8f9f9f7cb5245d') in 0.0140398 seconds
Number of updated asset objects reloaded before import = 0Number of asset objects unloaded after import = 2

========================================================================
Received Import Request.
  Time since last request: 0.000030 seconds.
  path: Assets/FXparticle/GIFs/Splatter.gif
  artifactKey: Guid(2ceae91930c4f574ba33449f7a49f925) Importer(815301076,1909f56bfc062723c751e8b465ee728b)
Start importing Assets/FXparticle/GIFs/Splatter.gif using Guid(2ceae91930c4f574ba33449f7a49f925) Importer(815301076,1909f56bfc062723c751e8b465ee728b) (PreviewImporter) -> (artifact id: '5f81ae0533e47c9823c506a5a26a11e9') in 0.0122085 seconds
Number of updated asset objects reloaded before import = 0Number of asset objects unloaded after import = 2

========================================================================
Received Import Request.
  Time since last request: 0.000023 seconds.
  path: Assets/FXparticle/GIFs/Sakuras.gif
  artifactKey: Guid(7f53d8a9b1627634d8a44e9019c7f005) Importer(815301076,1909f56bfc062723c751e8b465ee728b)
Start importing Assets/FXparticle/GIFs/Sakuras.gif using Guid(7f53d8a9b1627634d8a44e9019c7f005) Importer(815301076,1909f56bfc062723c751e8b465ee728b) (PreviewImporter) -> (artifact id: '51ca8170e0187bde72b708377371a31a') in 0.0137668 seconds
Number of updated asset objects reloaded before import = 0Number of asset objects unloaded after import = 2

========================================================================
Received Import Request.
  Time since last request: 0.000030 seconds.
  path: Assets/FXparticle/GIFs/Smoke2.gif
  artifactKey: Guid(22c0d10e43439ff4db3a8f15c43833f1) Importer(815301076,1909f56bfc062723c751e8b465ee728b)
Start importing Assets/FXparticle/GIFs/Smoke2.gif using Guid(22c0d10e43439ff4db3a8f15c43833f1) Importer(815301076,1909f56bfc062723c751e8b465ee728b) (PreviewImporter) -> (artifact id: '4449d4d8cb594d96f00a84fbb70179b2') in 0.0148598 seconds
Number of updated asset objects reloaded before import = 0Number of asset objects unloaded after import = 2

========================================================================
Received Import Request.
  Time since last request: 0.000022 seconds.
  path: Assets/FXparticle/GIFs/Flamethrower.gif
  artifactKey: Guid(418db0d380a79104b809e8b9502e3030) Importer(815301076,1909f56bfc062723c751e8b465ee728b)
Start importing Assets/FXparticle/GIFs/Flamethrower.gif using Guid(418db0d380a79104b809e8b9502e3030) Importer(815301076,1909f56bfc062723c751e8b465ee728b) (PreviewImporter) -> (artifact id: 'd962d2c3e5367474b5eeb9bd07f7dd3d') in 0.0133389 seconds
Number of updated asset objects reloaded before import = 0Number of asset objects unloaded after import = 2

========================================================================
Received Import Request.
  Time since last request: 0.000023 seconds.
  path: Assets/FXparticle/GIFs/Rocket Fire 2.gif
  artifactKey: Guid(45df25ffb78b483489b86420d046c10a) Importer(815301076,1909f56bfc062723c751e8b465ee728b)
Start importing Assets/FXparticle/GIFs/Rocket Fire 2.gif using Guid(45df25ffb78b483489b86420d046c10a) Importer(815301076,1909f56bfc062723c751e8b465ee728b) (PreviewImporter) -> (artifact id: '71f6e0c10dea6a80a4caad0a93d2affc') in 0.0145081 seconds
Number of updated asset objects reloaded before import = 0Number of asset objects unloaded after import = 2

========================================================================
Received Import Request.
  Time since last request: 0.000023 seconds.
  path: Assets/FXparticle/GIFs/Regen.gif
  artifactKey: Guid(03700eeb8b32f72439752bdc51c57373) Importer(815301076,1909f56bfc062723c751e8b465ee728b)
Start importing Assets/FXparticle/GIFs/Regen.gif using Guid(03700eeb8b32f72439752bdc51c57373) Importer(815301076,1909f56bfc062723c751e8b465ee728b) (PreviewImporter) -> (artifact id: 'd13b2877481a2ebbc2be0a99ebc08dd0') in 0.0143045 seconds
Number of updated asset objects reloaded before import = 0Number of asset objects unloaded after import = 2

========================================================================
Received Import Request.
  Time since last request: 34.228800 seconds.
  path: Assets/FXparticle/Spritesheets
  artifactKey: Guid(86ed73ac16eb9ce47ab1d34fbe8ecafe) Importer(815301076,1909f56bfc062723c751e8b465ee728b)
Start importing Assets/FXparticle/Spritesheets using Guid(86ed73ac16eb9ce47ab1d34fbe8ecafe) Importer(815301076,1909f56bfc062723c751e8b465ee728b) (PreviewImporter) -> (artifact id: 'bed578c79e187a2904fa3b8d665e0380') in 0.0007128 seconds
Number of updated asset objects reloaded before import = 0Number of asset objects unloaded after import = 0

========================================================================
Received Import Request.
  Time since last request: 0.038389 seconds.
  path: Assets/FXparticle/Spritesheets/Blood Splat.png
  artifactKey: Guid(8c1b872da5d4f354a9db3b104a119513) Importer(815301076,1909f56bfc062723c751e8b465ee728b)
Start importing Assets/FXparticle/Spritesheets/Blood Splat.png using Guid(8c1b872da5d4f354a9db3b104a119513) Importer(815301076,1909f56bfc062723c751e8b465ee728b) (PreviewImporter) -> (artifact id: '532caf31b61d5badd7329cebb2cfa19f') in 0.0279883 seconds
Number of updated asset objects reloaded before import = 0Number of asset objects unloaded after import = 2

========================================================================
Received Import Request.
  Time since last request: 0.000019 seconds.
  path: Assets/FXparticle/Spritesheets/Holy Light Aura.png
  artifactKey: Guid(2e557c7511744654e9b7327d7e3c9f32) Importer(815301076,1909f56bfc062723c751e8b465ee728b)
Start importing Assets/FXparticle/Spritesheets/Holy Light Aura.png using Guid(2e557c7511744654e9b7327d7e3c9f32) Importer(815301076,1909f56bfc062723c751e8b465ee728b) (PreviewImporter) -> (artifact id: 'ddafba0161a7131c706500310806a670') in 0.0136477 seconds
Number of updated asset objects reloaded before import = 0Number of asset objects unloaded after import = 2

========================================================================
Received Import Request.
  Time since last request: 0.000020 seconds.
  path: Assets/FXparticle/Spritesheets/Regen.png
  artifactKey: Guid(d304884a7beda5b4aaf60402f00180de) Importer(815301076,1909f56bfc062723c751e8b465ee728b)
Start importing Assets/FXparticle/Spritesheets/Regen.png using Guid(d304884a7beda5b4aaf60402f00180de) Importer(815301076,1909f56bfc062723c751e8b465ee728b) (PreviewImporter) -> (artifact id: 'a87ce96570004fea808703e2e81fe3b6') in 0.0135259 seconds
Number of updated asset objects reloaded before import = 0Number of asset objects unloaded after import = 2

========================================================================
Received Import Request.
  Time since last request: 0.000025 seconds.
  path: Assets/FXparticle/Spritesheets/Smoke-Sheet.png
  artifactKey: Guid(a89b26905acd272438d864481126cf14) Importer(815301076,1909f56bfc062723c751e8b465ee728b)
Start importing Assets/FXparticle/Spritesheets/Smoke-Sheet.png using Guid(a89b26905acd272438d864481126cf14) Importer(815301076,1909f56bfc062723c751e8b465ee728b) (PreviewImporter) -> (artifact id: 'c61c22261902e6e6ac0517f0b18298fd') in 0.016638 seconds
Number of updated asset objects reloaded before import = 0Number of asset objects unloaded after import = 2

========================================================================
Received Import Request.
  Time since last request: 0.000032 seconds.
  path: Assets/FXparticle/Spritesheets/Flamethrower-Sheet.png
  artifactKey: Guid(4f8758cca5500c747b8f7990dccdbe88) Importer(815301076,1909f56bfc062723c751e8b465ee728b)
Start importing Assets/FXparticle/Spritesheets/Flamethrower-Sheet.png using Guid(4f8758cca5500c747b8f7990dccdbe88) Importer(815301076,1909f56bfc062723c751e8b465ee728b) (PreviewImporter) -> (artifact id: 'e8bfd90cc3dd3b63ad5030ceff57b42d') in 0.0158445 seconds
Number of updated asset objects reloaded before import = 0Number of asset objects unloaded after import = 2

========================================================================
Received Import Request.
  Time since last request: 0.000045 seconds.
  path: Assets/FXparticle/Spritesheets/Rocket Fire 2-Sheet.png
  artifactKey: Guid(69eaa359176201c4b970da5aff5557a4) Importer(815301076,1909f56bfc062723c751e8b465ee728b)
Start importing Assets/FXparticle/Spritesheets/Rocket Fire 2-Sheet.png using Guid(69eaa359176201c4b970da5aff5557a4) Importer(815301076,1909f56bfc062723c751e8b465ee728b) (PreviewImporter) -> (artifact id: '3072bedc229bc5ad04de8eb09c8e882b') in 0.0137206 seconds
Number of updated asset objects reloaded before import = 0Number of asset objects unloaded after import = 2

========================================================================
Received Import Request.
  Time since last request: 195.866055 seconds.
  path: Assets/halloween
  artifactKey: Guid(fe0de8b03d7d7094ebe1b18367a162c2) Importer(815301076,1909f56bfc062723c751e8b465ee728b)
Start importing Assets/halloween using Guid(fe0de8b03d7d7094ebe1b18367a162c2) Importer(815301076,1909f56bfc062723c751e8b465ee728b) (PreviewImporter) -> (artifact id: '5e8b4e17a8a5d5e1687812f58a2dbaa5') in 0.0006991 seconds
Number of updated asset objects reloaded before import = 0Number of asset objects unloaded after import = 0

========================================================================
Received Import Request.
  Time since last request: 1.192092 seconds.
  path: Assets/halloween/Models
  artifactKey: Guid(4e694c90b2764d3428291d5217cfebd0) Importer(815301076,1909f56bfc062723c751e8b465ee728b)
Start importing Assets/halloween/Models using Guid(4e694c90b2764d3428291d5217cfebd0) Importer(815301076,1909f56bfc062723c751e8b465ee728b) (PreviewImporter) -> (artifact id: '5bf7bd0f1065ffa86a7c9d4dc028dd42') in 0.000596 seconds
Number of updated asset objects reloaded before import = 0Number of asset objects unloaded after import = 0

========================================================================
Received Import Request.
  Time since last request: 0.915825 seconds.
  path: Assets/halloween/Models/halloween.fbx
  artifactKey: Guid(a3c199f3dacfaab42a8dd355669d3c9b) Importer(815301076,1909f56bfc062723c751e8b465ee728b)
Start importing Assets/halloween/Models/halloween.fbx using Guid(a3c199f3dacfaab42a8dd355669d3c9b) Importer(815301076,1909f56bfc062723c751e8b465ee728b) (PreviewImporter) -> (artifact id: 'fd61db7d82d75c3cb9071648294a3cdc') in 3.5266885 seconds
Number of updated asset objects reloaded before import = 0Number of asset objects unloaded after import = 684

========================================================================
Received Import Request.
  Time since last request: 5.526985 seconds.
  path: Assets/halloween/Textures
  artifactKey: Guid(6738bdd61ddd6154e98b617ee154b5d0) Importer(815301076,1909f56bfc062723c751e8b465ee728b)
Start importing Assets/halloween/Textures using Guid(6738bdd61ddd6154e98b617ee154b5d0) Importer(815301076,1909f56bfc062723c751e8b465ee728b) (PreviewImporter) -> (artifact id: '19ba3122aa7f7daafbe386c0abe822fb') in 0.001215 seconds
Number of updated asset objects reloaded before import = 0Number of asset objects unloaded after import = 0

========================================================================
Received Import Request.
  Time since last request: 0.031559 seconds.
  path: Assets/halloween/Textures/BarkDecidious.jpg
  artifactKey: Guid(b4b0ed71103d334479af586825d07a87) Importer(815301076,1909f56bfc062723c751e8b465ee728b)
Start importing Assets/halloween/Textures/BarkDecidious.jpg using Guid(b4b0ed71103d334479af586825d07a87) Importer(815301076,1909f56bfc062723c751e8b465ee728b) (PreviewImporter) -> (artifact id: 'b4029540203d582a215bc8cb733ce551') in 0.0168076 seconds
Number of updated asset objects reloaded before import = 0Number of asset objects unloaded after import = 2

========================================================================
Received Import Request.
  Time since last request: 0.000027 seconds.
  path: Assets/halloween/Textures/Farmland.jpg
  artifactKey: Guid(33e5ac36c4441ec4798849827a01a84c) Importer(815301076,1909f56bfc062723c751e8b465ee728b)
Start importing Assets/halloween/Textures/Farmland.jpg using Guid(33e5ac36c4441ec4798849827a01a84c) Importer(815301076,1909f56bfc062723c751e8b465ee728b) (PreviewImporter) -> (artifact id: '3b76921f8ca447774c89dc302b43929e') in 0.0144354 seconds
Number of updated asset objects reloaded before import = 0Number of asset objects unloaded after import = 2

========================================================================
Received Import Request.
  Time since last request: 0.000019 seconds.
  path: Assets/halloween/Textures/Sweets.png
  artifactKey: Guid(33be7cb97236fb745b97b4fc686c6594) Importer(815301076,1909f56bfc062723c751e8b465ee728b)
Start importing Assets/halloween/Textures/Sweets.png using Guid(33be7cb97236fb745b97b4fc686c6594) Importer(815301076,1909f56bfc062723c751e8b465ee728b) (PreviewImporter) -> (artifact id: '24d8f6828a1baa19be6a307f7085f1e6') in 0.01572 seconds
Number of updated asset objects reloaded before import = 0Number of asset objects unloaded after import = 2

========================================================================
Received Import Request.
  Time since last request: 0.000020 seconds.
  path: Assets/halloween/Textures/Spiderweb.png
  artifactKey: Guid(b82c2b78bc289304b96e83318f1decb2) Importer(815301076,1909f56bfc062723c751e8b465ee728b)
Start importing Assets/halloween/Textures/Spiderweb.png using Guid(b82c2b78bc289304b96e83318f1decb2) Importer(815301076,1909f56bfc062723c751e8b465ee728b) (PreviewImporter) -> (artifact id: '22cb5693f1233f6e29cc20ab08145cdc') in 0.0142232 seconds
Number of updated asset objects reloaded before import = 0Number of asset objects unloaded after import = 2

========================================================================
Received Import Request.
  Time since last request: 0.000020 seconds.
  path: Assets/halloween/Textures/Tree_02.png
  artifactKey: Guid(8b9351f243784424198fe3fa883a1351) Importer(815301076,1909f56bfc062723c751e8b465ee728b)
Start importing Assets/halloween/Textures/Tree_02.png using Guid(8b9351f243784424198fe3fa883a1351) Importer(815301076,1909f56bfc062723c751e8b465ee728b) (PreviewImporter) -> (artifact id: '89dfa0a64e700c19228da7171e6f553e') in 0.0137311 seconds
Number of updated asset objects reloaded before import = 0Number of asset objects unloaded after import = 2

========================================================================
Received Import Request.
  Time since last request: 0.000029 seconds.
  path: Assets/halloween/Textures/Stone_01.png
  artifactKey: Guid(98c06b190aea4bb4aaed5e899cf32ae5) Importer(815301076,1909f56bfc062723c751e8b465ee728b)
Start importing Assets/halloween/Textures/Stone_01.png using Guid(98c06b190aea4bb4aaed5e899cf32ae5) Importer(815301076,1909f56bfc062723c751e8b465ee728b) (PreviewImporter) -> (artifact id: 'c3d492f366e6536409e198aa2cf1105d') in 0.0138474 seconds
Number of updated asset objects reloaded before import = 0Number of asset objects unloaded after import = 2

========================================================================
Received Import Request.
  Time since last request: 0.000017 seconds.
  path: Assets/halloween/Textures/Body_01.png
  artifactKey: Guid(612dfa5c0785a9a49a0dfec36afeeb44) Importer(815301076,1909f56bfc062723c751e8b465ee728b)
Start importing Assets/halloween/Textures/Body_01.png using Guid(612dfa5c0785a9a49a0dfec36afeeb44) Importer(815301076,1909f56bfc062723c751e8b465ee728b) (PreviewImporter) -> (artifact id: '55dd37dcca4abeadc391dffec259cfb1') in 0.0133894 seconds
Number of updated asset objects reloaded before import = 0Number of asset objects unloaded after import = 2

========================================================================
Received Import Request.
  Time since last request: 0.000018 seconds.
  path: Assets/halloween/Textures/Stone_06.png
  artifactKey: Guid(2153d9d93f9828f4fa5fa9cd656b655d) Importer(815301076,1909f56bfc062723c751e8b465ee728b)
Start importing Assets/halloween/Textures/Stone_06.png using Guid(2153d9d93f9828f4fa5fa9cd656b655d) Importer(815301076,1909f56bfc062723c751e8b465ee728b) (PreviewImporter) -> (artifact id: '49ea4fd7d4028abaee172b9bd8ccac0d') in 0.0140879 seconds
Number of updated asset objects reloaded before import = 0Number of asset objects unloaded after import = 2

========================================================================
Received Import Request.
  Time since last request: 0.000019 seconds.
  path: Assets/halloween/Textures/Stone_08.png
  artifactKey: Guid(8f51149a45c689746823139c6793f996) Importer(815301076,1909f56bfc062723c751e8b465ee728b)
Start importing Assets/halloween/Textures/Stone_08.png using Guid(8f51149a45c689746823139c6793f996) Importer(815301076,1909f56bfc062723c751e8b465ee728b) (PreviewImporter) -> (artifact id: '051f9d02d1d2a30f6ad12775bacb7c0b') in 0.0154568 seconds
Number of updated asset objects reloaded before import = 0Number of asset objects unloaded after import = 2

========================================================================
Received Import Request.
  Time since last request: 0.000026 seconds.
  path: Assets/halloween/Textures/Pumpkin.png
  artifactKey: Guid(9493ba7a817e1a9488ea17fa96e1543f) Importer(815301076,1909f56bfc062723c751e8b465ee728b)
Start importing Assets/halloween/Textures/Pumpkin.png using Guid(9493ba7a817e1a9488ea17fa96e1543f) Importer(815301076,1909f56bfc062723c751e8b465ee728b) (PreviewImporter) -> (artifact id: '905ef137e5c64f81853f9518acbfe77b') in 0.0149865 seconds
Number of updated asset objects reloaded before import = 0Number of asset objects unloaded after import = 2

========================================================================
Received Import Request.
  Time since last request: 0.000024 seconds.
  path: Assets/halloween/Textures/Body_parts_01.png
  artifactKey: Guid(88ded3c4fc5c8224493f11fb39055d8f) Importer(815301076,1909f56bfc062723c751e8b465ee728b)
Start importing Assets/halloween/Textures/Body_parts_01.png using Guid(88ded3c4fc5c8224493f11fb39055d8f) Importer(815301076,1909f56bfc062723c751e8b465ee728b) (PreviewImporter) -> (artifact id: '7c69c996cc59cf302a05eab1869eada4') in 0.0144641 seconds
Number of updated asset objects reloaded before import = 0Number of asset objects unloaded after import = 2

========================================================================
Received Import Request.
  Time since last request: 0.000029 seconds.
  path: Assets/halloween/Textures/BrickSmallBrown.jpg
  artifactKey: Guid(712d4072862fd394ea29fd4f60acf423) Importer(815301076,1909f56bfc062723c751e8b465ee728b)
Start importing Assets/halloween/Textures/BrickSmallBrown.jpg using Guid(712d4072862fd394ea29fd4f60acf423) Importer(815301076,1909f56bfc062723c751e8b465ee728b) (PreviewImporter) -> (artifact id: 'ebe2612083e3f782f03bbafeab30c797') in 0.0139498 seconds
Number of updated asset objects reloaded before import = 0Number of asset objects unloaded after import = 2

========================================================================
Received Import Request.
  Time since last request: 0.000021 seconds.
  path: Assets/halloween/Textures/Concrete.jpg
  artifactKey: Guid(965c2cd33a4c2574081c8a387c5d04cc) Importer(815301076,1909f56bfc062723c751e8b465ee728b)
Start importing Assets/halloween/Textures/Concrete.jpg using Guid(965c2cd33a4c2574081c8a387c5d04cc) Importer(815301076,1909f56bfc062723c751e8b465ee728b) (PreviewImporter) -> (artifact id: '6fbf782d56ee4c1beeb0c6b63e709501') in 0.0148118 seconds
Number of updated asset objects reloaded before import = 0Number of asset objects unloaded after import = 2

========================================================================
Received Import Request.
  Time since last request: 0.000022 seconds.
  path: Assets/halloween/Textures/Body_parts.png
  artifactKey: Guid(b12507e6a9fbf344dade4234ab99b754) Importer(815301076,1909f56bfc062723c751e8b465ee728b)
Start importing Assets/halloween/Textures/Body_parts.png using Guid(b12507e6a9fbf344dade4234ab99b754) Importer(815301076,1909f56bfc062723c751e8b465ee728b) (PreviewImporter) -> (artifact id: '54129f2b7ad2037daed8adb40e250e37') in 0.0140288 seconds
Number of updated asset objects reloaded before import = 0Number of asset objects unloaded after import = 2

========================================================================
Received Import Request.
  Time since last request: 0.000021 seconds.
  path: Assets/halloween/Textures/Stone_05.png
  artifactKey: Guid(662de41136b4d024895c8e579d06f64e) Importer(815301076,1909f56bfc062723c751e8b465ee728b)
Start importing Assets/halloween/Textures/Stone_05.png using Guid(662de41136b4d024895c8e579d06f64e) Importer(815301076,1909f56bfc062723c751e8b465ee728b) (PreviewImporter) -> (artifact id: 'f090f187450be741479a509b66432dde') in 0.0147211 seconds
Number of updated asset objects reloaded before import = 0Number of asset objects unloaded after import = 2

========================================================================
Received Import Request.
  Time since last request: 0.000019 seconds.
  path: Assets/halloween/Textures/Tree_03.png
  artifactKey: Guid(bd2c8692e7dd39e498629a3966fe9cb6) Importer(815301076,1909f56bfc062723c751e8b465ee728b)
Start importing Assets/halloween/Textures/Tree_03.png using Guid(bd2c8692e7dd39e498629a3966fe9cb6) Importer(815301076,1909f56bfc062723c751e8b465ee728b) (PreviewImporter) -> (artifact id: '4b64756174274bf8fd81d8599dc06a8f') in 0.0133711 seconds
Number of updated asset objects reloaded before import = 0Number of asset objects unloaded after import = 2

========================================================================
Received Import Request.
  Time since last request: 0.000022 seconds.
  path: Assets/halloween/Textures/Stone_07.png
  artifactKey: Guid(d131a0a3a2cdfe44da0aeb2c3f61e379) Importer(815301076,1909f56bfc062723c751e8b465ee728b)
Start importing Assets/halloween/Textures/Stone_07.png using Guid(d131a0a3a2cdfe44da0aeb2c3f61e379) Importer(815301076,1909f56bfc062723c751e8b465ee728b) (PreviewImporter) -> (artifact id: 'f0d1216478755096e4f502bb7ff4c809') in 0.014296 seconds
Number of updated asset objects reloaded before import = 0Number of asset objects unloaded after import = 2

========================================================================
Received Import Request.
  Time since last request: 0.000029 seconds.
  path: Assets/halloween/Textures/Pumpkin_02.png
  artifactKey: Guid(a57b4c1465f6f5c40a6568ad817aaa00) Importer(815301076,1909f56bfc062723c751e8b465ee728b)
Start importing Assets/halloween/Textures/Pumpkin_02.png using Guid(a57b4c1465f6f5c40a6568ad817aaa00) Importer(815301076,1909f56bfc062723c751e8b465ee728b) (PreviewImporter) -> (artifact id: 'abd05166a3d2b004d635a802e93f3a12') in 0.0137519 seconds
Number of updated asset objects reloaded before import = 0Number of asset objects unloaded after import = 2

========================================================================
Received Import Request.
  Time since last request: 0.000022 seconds.
  path: Assets/halloween/Textures/Tree.png
  artifactKey: Guid(40cebef5782e0e34898e47a88cb61d89) Importer(815301076,1909f56bfc062723c751e8b465ee728b)
Start importing Assets/halloween/Textures/Tree.png using Guid(40cebef5782e0e34898e47a88cb61d89) Importer(815301076,1909f56bfc062723c751e8b465ee728b) (PreviewImporter) -> (artifact id: '44fac7aedd78c6c6619c1b65277cadd5') in 0.0131101 seconds
Number of updated asset objects reloaded before import = 0Number of asset objects unloaded after import = 2

========================================================================
Received Import Request.
  Time since last request: 0.000017 seconds.
  path: Assets/halloween/Textures/Stone_04.png
  artifactKey: Guid(6c0ec00bafed73248b31a9c44d51c141) Importer(815301076,1909f56bfc062723c751e8b465ee728b)
Start importing Assets/halloween/Textures/Stone_04.png using Guid(6c0ec00bafed73248b31a9c44d51c141) Importer(815301076,1909f56bfc062723c751e8b465ee728b) (PreviewImporter) -> (artifact id: '1364b246ae07cacb3e47f524f7d66519') in 0.0138337 seconds
Number of updated asset objects reloaded before import = 0Number of asset objects unloaded after import = 2

========================================================================
Received Import Request.
  Time since last request: 0.000023 seconds.
  path: Assets/halloween/Textures/Tree_04.png
  artifactKey: Guid(e55f110f6a9b9314c92a8cfe1623827d) Importer(815301076,1909f56bfc062723c751e8b465ee728b)
Start importing Assets/halloween/Textures/Tree_04.png using Guid(e55f110f6a9b9314c92a8cfe1623827d) Importer(815301076,1909f56bfc062723c751e8b465ee728b) (PreviewImporter) -> (artifact id: 'ba9e057bae4793cb3af3bbfba29a5256') in 0.0138629 seconds
Number of updated asset objects reloaded before import = 0Number of asset objects unloaded after import = 2

========================================================================
Received Import Request.
  Time since last request: 0.000019 seconds.
  path: Assets/halloween/Textures/Sweets_01.png
  artifactKey: Guid(c08c468c35d22444782803a4ef7793d5) Importer(815301076,1909f56bfc062723c751e8b465ee728b)
Start importing Assets/halloween/Textures/Sweets_01.png using Guid(c08c468c35d22444782803a4ef7793d5) Importer(815301076,1909f56bfc062723c751e8b465ee728b) (PreviewImporter) -> (artifact id: 'd0f5b616935fb24d42c6539b1efe62c6') in 0.013203 seconds
Number of updated asset objects reloaded before import = 0Number of asset objects unloaded after import = 2

========================================================================
Received Import Request.
  Time since last request: 0.000038 seconds.
  path: Assets/halloween/Textures/Ghost.png
  artifactKey: Guid(f66f5d4eebc376a44acfa147c910c021) Importer(815301076,1909f56bfc062723c751e8b465ee728b)
Start importing Assets/halloween/Textures/Ghost.png using Guid(f66f5d4eebc376a44acfa147c910c021) Importer(815301076,1909f56bfc062723c751e8b465ee728b) (PreviewImporter) -> (artifact id: 'd0fc090a72f4aa07495d7461b6cb1344') in 0.0139303 seconds
Number of updated asset objects reloaded before import = 0Number of asset objects unloaded after import = 2

